<?xml version="1.0" encoding="UTF-8"?>
<testng-results ignored="0" total="2" passed="2" failed="0" skipped="0">
  <reporter-output>
  </reporter-output>
  <suite started-at="2023-01-31T17:26:31 IST" name="Default suite" finished-at="2023-01-31T17:26:47 IST" duration-ms="15840">
    <groups>
    </groups>
    <test started-at="2023-01-31T17:26:31 IST" name="Default test" finished-at="2023-01-31T17:26:47 IST" duration-ms="15840">
      <class name="vtiger_scripts.Register_fromEXCEL_sheetTest">
        <test-method is-config="true" signature="BrowserSetup()[pri:0, instance:vtiger_scripts.Register_fromEXCEL_sheetTest@4b8ee4de]" started-at="2023-01-31T17:26:31 IST" name="BrowserSetup" finished-at="2023-01-31T17:26:35 IST" duration-ms="3841" status="PASS">
          <reporter-output>
          </reporter-output>
        </test-method> <!-- BrowserSetup -->
        <test-method signature="login(java.lang.String,java.lang.String,java.lang.String,java.lang.String,java.lang.String)[pri:0, instance:vtiger_scripts.Register_fromEXCEL_sheetTest@4b8ee4de]" started-at="2023-01-31T17:26:36 IST" name="login" data-provider="testdata" finished-at="2023-01-31T17:26:42 IST" duration-ms="5975" status="PASS">
          <params>
            <param index="0">
              <value>
                <![CDATA[chethan]]>
              </value>
            </param>
            <param index="1">
              <value>
                <![CDATA[kumar hm]]>
              </value>
            </param>
            <param index="2">
              <value>
                <![CDATA[chethankumarhmm@gmail.com]]>
              </value>
            </param>
            <param index="3">
              <value>
                <![CDATA[chethan196]]>
              </value>
            </param>
            <param index="4">
              <value>
                <![CDATA[chethan196]]>
              </value>
            </param>
          </params>
          <reporter-output>
          </reporter-output>
        </test-method> <!-- login -->
        <test-method signature="login(java.lang.String,java.lang.String,java.lang.String,java.lang.String,java.lang.String)[pri:0, instance:vtiger_scripts.Register_fromEXCEL_sheetTest@4b8ee4de]" started-at="2023-01-31T17:26:42 IST" name="login" data-provider="testdata" finished-at="2023-01-31T17:26:47 IST" duration-ms="5333" status="PASS">
          <params>
            <param index="0">
              <value>
                <![CDATA[manoj]]>
              </value>
            </param>
            <param index="1">
              <value>
                <![CDATA[kumar hm]]>
              </value>
            </param>
            <param index="2">
              <value>
                <![CDATA[manojkumarhmm@gmail.com]]>
              </value>
            </param>
            <param index="3">
              <value>
                <![CDATA[manoj196]]>
              </value>
            </param>
            <param index="4">
              <value>
                <![CDATA[manoj196]]>
              </value>
            </param>
          </params>
          <reporter-output>
          </reporter-output>
        </test-method> <!-- login -->
        <test-method is-config="true" signature="teardown()[pri:0, instance:vtiger_scripts.Register_fromEXCEL_sheetTest@4b8ee4de]" started-at="2023-01-31T17:26:47 IST" name="teardown" finished-at="2023-01-31T17:26:47 IST" duration-ms="164" status="PASS">
          <reporter-output>
          </reporter-output>
        </test-method> <!-- teardown -->
      </class> <!-- vtiger_scripts.Register_fromEXCEL_sheetTest -->
    </test> <!-- Default test -->
  </suite> <!-- Default suite -->
</testng-results>
